  [1m[36m (10.2ms)[0m  [1mCREATE TABLE "schema_migrations" ("version" character varying NOT NULL) [0m
  [1m[35m (3.9ms)[0m  CREATE UNIQUE INDEX  "unique_schema_migrations" ON "schema_migrations"  ("version")
  [1m[36mActiveRecord::SchemaMigration Load (0.4ms)[0m  [1mSELECT "schema_migrations".* FROM "schema_migrations"[0m
Migrating to CreateUsers (20150809043510)
  [1m[35m (0.2ms)[0m  BEGIN
  [1m[36m (9.7ms)[0m  [1mCREATE TABLE "users" ("id" serial primary key, "email" character varying, "password_digest" character varying, "created_at" timestamp NOT NULL, "updated_at" timestamp NOT NULL) [0m
  [1m[35mSQL (2.2ms)[0m  INSERT INTO "schema_migrations" ("version") VALUES ($1)  [["version", "20150809043510"]]
  [1m[36m (1.8ms)[0m  [1mCOMMIT[0m
  [1m[35mActiveRecord::SchemaMigration Load (0.3ms)[0m  SELECT "schema_migrations".* FROM "schema_migrations"
  [1m[36m (4.8ms)[0m  [1mSELECT t2.oid::regclass::text AS to_table, a1.attname AS column, a2.attname AS primary_key, c.conname AS name, c.confupdtype AS on_update, c.confdeltype AS on_delete
FROM pg_constraint c
JOIN pg_class t1 ON c.conrelid = t1.oid
JOIN pg_class t2 ON c.confrelid = t2.oid
JOIN pg_attribute a1 ON a1.attnum = c.conkey[1] AND a1.attrelid = t1.oid
JOIN pg_attribute a2 ON a2.attnum = c.confkey[1] AND a2.attrelid = t2.oid
JOIN pg_namespace t3 ON c.connamespace = t3.oid
WHERE c.contype = 'f'
  AND t1.relname = 'users'
  AND t3.nspname = ANY (current_schemas(false))
ORDER BY c.conname
[0m


Started GET "/" for ::1 at 2015-08-09 14:19:42 -0700
Processing by Rails::WelcomeController#index as HTML
  Rendered /Users/GarrettMcKenzie/.rbenv/versions/2.2.1/lib/ruby/gems/2.2.0/gems/railties-4.2.1/lib/rails/templates/rails/welcome/index.html.erb (3.1ms)
Completed 200 OK in 25ms (Views: 15.5ms | ActiveRecord: 0.0ms)


Started GET "/" for ::1 at 2015-08-09 14:19:43 -0700
Processing by Rails::WelcomeController#index as HTML
  Rendered /Users/GarrettMcKenzie/.rbenv/versions/2.2.1/lib/ruby/gems/2.2.0/gems/railties-4.2.1/lib/rails/templates/rails/welcome/index.html.erb (0.2ms)
Completed 200 OK in 4ms (Views: 3.6ms | ActiveRecord: 0.0ms)


Started GET "/" for ::1 at 2015-08-09 14:20:36 -0700
Processing by UserController#index as HTML
  Rendered user/index.html.erb within layouts/application (1.0ms)
Completed 200 OK in 1436ms (Views: 1428.9ms | ActiveRecord: 0.0ms)


Started GET "/assets/user.self-e3b0c44298fc1c149afbf4c8996fb92427ae41e4649b934ca495991b7852b855.css?body=1" for ::1 at 2015-08-09 14:20:38 -0700


Started GET "/assets/application.self-e80e8f2318043e8af94dddc2adad5a4f09739a8ebb323b3ab31cd71d45fd9113.css?body=1" for ::1 at 2015-08-09 14:20:38 -0700


Started GET "/assets/jquery.self-d03a5518f45df77341bdbe6201ba3bfa547ebba8ed64f0ea56bfa5f96ea7c074.js?body=1" for ::1 at 2015-08-09 14:20:38 -0700


Started GET "/assets/jquery_ujs.self-ca5248a2fad13d6bd58ea121318d642f195f0b2dd818b30615f785ff365e8d1f.js?body=1" for ::1 at 2015-08-09 14:20:38 -0700


Started GET "/assets/turbolinks.self-c37727e9bd6b2735da5c311aa83fead54ed0be6cc8bd9a65309e9c5abe2cbfff.js?body=1" for ::1 at 2015-08-09 14:20:38 -0700


Started GET "/assets/application.self-3b8dabdc891efe46b9a144b400ad69e37d7e5876bdc39dee783419a69d7ca819.js?body=1" for ::1 at 2015-08-09 14:20:38 -0700


Started GET "/assets/user.self-877aef30ae1b040ab8a3aba4e3e309a11d7f2612f44dde450b5c157aa5f95c05.js?body=1" for ::1 at 2015-08-09 14:20:38 -0700


Started GET "/" for ::1 at 2015-08-09 14:23:45 -0700
Processing by UserController#index as HTML
  Rendered user/index.html.erb within layouts/application (1.2ms)
Completed 200 OK in 51ms (Views: 50.7ms | ActiveRecord: 0.0ms)


Started GET "/assets/user.self-e3b0c44298fc1c149afbf4c8996fb92427ae41e4649b934ca495991b7852b855.css?body=1" for ::1 at 2015-08-09 14:23:45 -0700


Started GET "/assets/application.self-1173b770ad105af173ba294d8bcad113bf286c0c657829b2a140eee5db365a19.css?body=1" for ::1 at 2015-08-09 14:23:45 -0700


Started GET "/assets/jquery.self-d03a5518f45df77341bdbe6201ba3bfa547ebba8ed64f0ea56bfa5f96ea7c074.js?body=1" for ::1 at 2015-08-09 14:23:45 -0700


Started GET "/assets/jquery_ujs.self-ca5248a2fad13d6bd58ea121318d642f195f0b2dd818b30615f785ff365e8d1f.js?body=1" for ::1 at 2015-08-09 14:23:45 -0700


Started GET "/assets/turbolinks.self-c37727e9bd6b2735da5c311aa83fead54ed0be6cc8bd9a65309e9c5abe2cbfff.js?body=1" for ::1 at 2015-08-09 14:23:45 -0700


Started GET "/assets/user.self-877aef30ae1b040ab8a3aba4e3e309a11d7f2612f44dde450b5c157aa5f95c05.js?body=1" for ::1 at 2015-08-09 14:23:45 -0700


Started GET "/assets/application.self-3b8dabdc891efe46b9a144b400ad69e37d7e5876bdc39dee783419a69d7ca819.js?body=1" for ::1 at 2015-08-09 14:23:45 -0700


Started GET "/" for ::1 at 2015-08-09 14:23:46 -0700
Processing by UserController#index as HTML
  Rendered user/index.html.erb within layouts/application (0.1ms)
Completed 200 OK in 24ms (Views: 23.2ms | ActiveRecord: 0.0ms)


Started GET "/assets/user.self-e3b0c44298fc1c149afbf4c8996fb92427ae41e4649b934ca495991b7852b855.css?body=1" for ::1 at 2015-08-09 14:23:46 -0700


Started GET "/assets/application.self-1173b770ad105af173ba294d8bcad113bf286c0c657829b2a140eee5db365a19.css?body=1" for ::1 at 2015-08-09 14:23:46 -0700


Started GET "/assets/turbolinks.self-c37727e9bd6b2735da5c311aa83fead54ed0be6cc8bd9a65309e9c5abe2cbfff.js?body=1" for ::1 at 2015-08-09 14:23:46 -0700


Started GET "/assets/jquery_ujs.self-ca5248a2fad13d6bd58ea121318d642f195f0b2dd818b30615f785ff365e8d1f.js?body=1" for ::1 at 2015-08-09 14:23:46 -0700


Started GET "/assets/jquery.self-d03a5518f45df77341bdbe6201ba3bfa547ebba8ed64f0ea56bfa5f96ea7c074.js?body=1" for ::1 at 2015-08-09 14:23:46 -0700


Started GET "/assets/user.self-877aef30ae1b040ab8a3aba4e3e309a11d7f2612f44dde450b5c157aa5f95c05.js?body=1" for ::1 at 2015-08-09 14:23:46 -0700


Started GET "/assets/application.self-3b8dabdc891efe46b9a144b400ad69e37d7e5876bdc39dee783419a69d7ca819.js?body=1" for ::1 at 2015-08-09 14:23:46 -0700


Started GET "/" for ::1 at 2015-08-09 14:25:01 -0700
Processing by UserController#index as HTML
  Rendered user/index.html.erb within layouts/application (0.3ms)
Completed 200 OK in 40ms (Views: 40.0ms | ActiveRecord: 0.0ms)


Started GET "/assets/user.self-e3b0c44298fc1c149afbf4c8996fb92427ae41e4649b934ca495991b7852b855.css?body=1" for ::1 at 2015-08-09 14:25:02 -0700


Started GET "/assets/application.self-fb11c791329dea8e56230ce675c97e8a29e53010599f279253b2f753ef6c8e64.css?body=1" for ::1 at 2015-08-09 14:25:02 -0700


Started GET "/assets/jquery.self-d03a5518f45df77341bdbe6201ba3bfa547ebba8ed64f0ea56bfa5f96ea7c074.js?body=1" for ::1 at 2015-08-09 14:25:02 -0700


Started GET "/assets/jquery_ujs.self-ca5248a2fad13d6bd58ea121318d642f195f0b2dd818b30615f785ff365e8d1f.js?body=1" for ::1 at 2015-08-09 14:25:02 -0700


Started GET "/assets/user.self-877aef30ae1b040ab8a3aba4e3e309a11d7f2612f44dde450b5c157aa5f95c05.js?body=1" for ::1 at 2015-08-09 14:25:02 -0700


Started GET "/assets/turbolinks.self-c37727e9bd6b2735da5c311aa83fead54ed0be6cc8bd9a65309e9c5abe2cbfff.js?body=1" for ::1 at 2015-08-09 14:25:02 -0700


Started GET "/assets/application.self-3b8dabdc891efe46b9a144b400ad69e37d7e5876bdc39dee783419a69d7ca819.js?body=1" for ::1 at 2015-08-09 14:25:02 -0700


Started GET "/" for ::1 at 2015-08-09 14:26:08 -0700
Processing by UserController#index as HTML
  Rendered user/index.html.erb within layouts/application (1.0ms)
Completed 200 OK in 34ms (Views: 33.2ms | ActiveRecord: 0.0ms)


Started GET "/assets/turbolinks.self-c37727e9bd6b2735da5c311aa83fead54ed0be6cc8bd9a65309e9c5abe2cbfff.js?body=1" for ::1 at 2015-08-09 14:26:09 -0700


Started GET "/assets/jquery.self-d03a5518f45df77341bdbe6201ba3bfa547ebba8ed64f0ea56bfa5f96ea7c074.js?body=1" for ::1 at 2015-08-09 14:26:09 -0700


Started GET "/assets/user.self-877aef30ae1b040ab8a3aba4e3e309a11d7f2612f44dde450b5c157aa5f95c05.js?body=1" for ::1 at 2015-08-09 14:26:09 -0700


Started GET "/assets/application.self-fb11c791329dea8e56230ce675c97e8a29e53010599f279253b2f753ef6c8e64.css?body=1" for ::1 at 2015-08-09 14:26:09 -0700


Started GET "/assets/jquery_ujs.self-ca5248a2fad13d6bd58ea121318d642f195f0b2dd818b30615f785ff365e8d1f.js?body=1" for ::1 at 2015-08-09 14:26:09 -0700


Started GET "/assets/user.self-e3b0c44298fc1c149afbf4c8996fb92427ae41e4649b934ca495991b7852b855.css?body=1" for ::1 at 2015-08-09 14:26:09 -0700


Started GET "/assets/application.self-3b8dabdc891efe46b9a144b400ad69e37d7e5876bdc39dee783419a69d7ca819.js?body=1" for ::1 at 2015-08-09 14:26:09 -0700


Started GET "/assets/jquery_ujs.self-ca5248a2fad13d6bd58ea121318d642f195f0b2dd818b30615f785ff365e8d1f.js?body=1" for ::1 at 2015-08-09 14:26:09 -0700


Started GET "/assets/user.self-877aef30ae1b040ab8a3aba4e3e309a11d7f2612f44dde450b5c157aa5f95c05.js?body=1" for ::1 at 2015-08-09 14:26:09 -0700


Started GET "/assets/application.self-3b8dabdc891efe46b9a144b400ad69e37d7e5876bdc39dee783419a69d7ca819.js?body=1" for ::1 at 2015-08-09 14:26:09 -0700


Started GET "/" for ::1 at 2015-08-09 14:27:38 -0700
Processing by UserController#index as HTML
  Rendered user/index.html.erb within layouts/application (0.8ms)
Completed 200 OK in 44ms (Views: 43.2ms | ActiveRecord: 0.0ms)


Started GET "/assets/application.self-fb11c791329dea8e56230ce675c97e8a29e53010599f279253b2f753ef6c8e64.css?body=1" for ::1 at 2015-08-09 14:27:38 -0700


Started GET "/assets/turbolinks.self-c37727e9bd6b2735da5c311aa83fead54ed0be6cc8bd9a65309e9c5abe2cbfff.js?body=1" for ::1 at 2015-08-09 14:27:38 -0700


Started GET "/assets/user.self-877aef30ae1b040ab8a3aba4e3e309a11d7f2612f44dde450b5c157aa5f95c05.js?body=1" for ::1 at 2015-08-09 14:27:38 -0700


Started GET "/assets/jquery.self-d03a5518f45df77341bdbe6201ba3bfa547ebba8ed64f0ea56bfa5f96ea7c074.js?body=1" for ::1 at 2015-08-09 14:27:38 -0700


Started GET "/assets/user.self-e3b0c44298fc1c149afbf4c8996fb92427ae41e4649b934ca495991b7852b855.css?body=1" for ::1 at 2015-08-09 14:27:38 -0700


Started GET "/assets/jquery_ujs.self-ca5248a2fad13d6bd58ea121318d642f195f0b2dd818b30615f785ff365e8d1f.js?body=1" for ::1 at 2015-08-09 14:27:38 -0700


Started GET "/assets/application.self-3b8dabdc891efe46b9a144b400ad69e37d7e5876bdc39dee783419a69d7ca819.js?body=1" for ::1 at 2015-08-09 14:27:38 -0700


Started GET "/" for ::1 at 2015-08-09 14:29:25 -0700
Processing by UserController#index as HTML
  Rendered user/index.html.erb within layouts/application (0.0ms)
Completed 200 OK in 30ms (Views: 29.3ms | ActiveRecord: 0.0ms)


Started GET "/assets/application.self-fb11c791329dea8e56230ce675c97e8a29e53010599f279253b2f753ef6c8e64.css?body=1" for ::1 at 2015-08-09 14:29:25 -0700


Started GET "/assets/user.self-e3b0c44298fc1c149afbf4c8996fb92427ae41e4649b934ca495991b7852b855.css?body=1" for ::1 at 2015-08-09 14:29:25 -0700


Started GET "/assets/jquery.self-d03a5518f45df77341bdbe6201ba3bfa547ebba8ed64f0ea56bfa5f96ea7c074.js?body=1" for ::1 at 2015-08-09 14:29:25 -0700


Started GET "/assets/turbolinks.self-c37727e9bd6b2735da5c311aa83fead54ed0be6cc8bd9a65309e9c5abe2cbfff.js?body=1" for ::1 at 2015-08-09 14:29:25 -0700


Started GET "/assets/jquery_ujs.self-ca5248a2fad13d6bd58ea121318d642f195f0b2dd818b30615f785ff365e8d1f.js?body=1" for ::1 at 2015-08-09 14:29:25 -0700


Started GET "/assets/user.self-877aef30ae1b040ab8a3aba4e3e309a11d7f2612f44dde450b5c157aa5f95c05.js?body=1" for ::1 at 2015-08-09 14:29:25 -0700


Started GET "/assets/application.self-3b8dabdc891efe46b9a144b400ad69e37d7e5876bdc39dee783419a69d7ca819.js?body=1" for ::1 at 2015-08-09 14:29:25 -0700


Started GET "/" for ::1 at 2015-08-09 14:33:00 -0700
Processing by UserController#index as HTML
  Rendered user/index.html.erb within layouts/application (0.4ms)
Completed 200 OK in 25ms (Views: 24.5ms | ActiveRecord: 0.0ms)


Started GET "/assets/user.self-e3b0c44298fc1c149afbf4c8996fb92427ae41e4649b934ca495991b7852b855.css?body=1" for ::1 at 2015-08-09 14:33:00 -0700


Started GET "/assets/application.self-fb11c791329dea8e56230ce675c97e8a29e53010599f279253b2f753ef6c8e64.css?body=1" for ::1 at 2015-08-09 14:33:00 -0700


Started GET "/assets/jquery.self-d03a5518f45df77341bdbe6201ba3bfa547ebba8ed64f0ea56bfa5f96ea7c074.js?body=1" for ::1 at 2015-08-09 14:33:00 -0700


Started GET "/assets/jquery_ujs.self-ca5248a2fad13d6bd58ea121318d642f195f0b2dd818b30615f785ff365e8d1f.js?body=1" for ::1 at 2015-08-09 14:33:00 -0700


Started GET "/assets/turbolinks.self-c37727e9bd6b2735da5c311aa83fead54ed0be6cc8bd9a65309e9c5abe2cbfff.js?body=1" for ::1 at 2015-08-09 14:33:00 -0700


Started GET "/assets/user.self-877aef30ae1b040ab8a3aba4e3e309a11d7f2612f44dde450b5c157aa5f95c05.js?body=1" for ::1 at 2015-08-09 14:33:00 -0700


Started GET "/assets/application.self-3b8dabdc891efe46b9a144b400ad69e37d7e5876bdc39dee783419a69d7ca819.js?body=1" for ::1 at 2015-08-09 14:33:00 -0700


Started GET "/" for ::1 at 2015-08-09 14:33:39 -0700
Processing by UserController#index as HTML
  Rendered user/index.html.erb within layouts/application (0.4ms)
Completed 200 OK in 24ms (Views: 23.8ms | ActiveRecord: 0.0ms)


Started GET "/assets/application.self-fb11c791329dea8e56230ce675c97e8a29e53010599f279253b2f753ef6c8e64.css?body=1" for ::1 at 2015-08-09 14:33:39 -0700


Started GET "/assets/jquery_ujs.self-ca5248a2fad13d6bd58ea121318d642f195f0b2dd818b30615f785ff365e8d1f.js?body=1" for ::1 at 2015-08-09 14:33:39 -0700


Started GET "/assets/user.self-e3b0c44298fc1c149afbf4c8996fb92427ae41e4649b934ca495991b7852b855.css?body=1" for ::1 at 2015-08-09 14:33:39 -0700


Started GET "/assets/jquery.self-d03a5518f45df77341bdbe6201ba3bfa547ebba8ed64f0ea56bfa5f96ea7c074.js?body=1" for ::1 at 2015-08-09 14:33:39 -0700


Started GET "/assets/user.self-877aef30ae1b040ab8a3aba4e3e309a11d7f2612f44dde450b5c157aa5f95c05.js?body=1" for ::1 at 2015-08-09 14:33:39 -0700


Started GET "/assets/turbolinks.self-c37727e9bd6b2735da5c311aa83fead54ed0be6cc8bd9a65309e9c5abe2cbfff.js?body=1" for ::1 at 2015-08-09 14:33:39 -0700


Started GET "/assets/application.self-3b8dabdc891efe46b9a144b400ad69e37d7e5876bdc39dee783419a69d7ca819.js?body=1" for ::1 at 2015-08-09 14:33:39 -0700


Started GET "/" for ::1 at 2015-08-09 14:34:16 -0700
Processing by UserController#index as HTML
  Rendered user/index.html.erb within layouts/application (0.4ms)
Completed 200 OK in 23ms (Views: 22.8ms | ActiveRecord: 0.0ms)


Started GET "/assets/user.self-e3b0c44298fc1c149afbf4c8996fb92427ae41e4649b934ca495991b7852b855.css?body=1" for ::1 at 2015-08-09 14:34:16 -0700


Started GET "/assets/application.self-fb11c791329dea8e56230ce675c97e8a29e53010599f279253b2f753ef6c8e64.css?body=1" for ::1 at 2015-08-09 14:34:16 -0700


Started GET "/assets/jquery.self-d03a5518f45df77341bdbe6201ba3bfa547ebba8ed64f0ea56bfa5f96ea7c074.js?body=1" for ::1 at 2015-08-09 14:34:16 -0700


Started GET "/assets/jquery_ujs.self-ca5248a2fad13d6bd58ea121318d642f195f0b2dd818b30615f785ff365e8d1f.js?body=1" for ::1 at 2015-08-09 14:34:16 -0700


Started GET "/assets/user.self-877aef30ae1b040ab8a3aba4e3e309a11d7f2612f44dde450b5c157aa5f95c05.js?body=1" for ::1 at 2015-08-09 14:34:16 -0700


Started GET "/assets/turbolinks.self-c37727e9bd6b2735da5c311aa83fead54ed0be6cc8bd9a65309e9c5abe2cbfff.js?body=1" for ::1 at 2015-08-09 14:34:16 -0700


Started GET "/assets/application.self-3b8dabdc891efe46b9a144b400ad69e37d7e5876bdc39dee783419a69d7ca819.js?body=1" for ::1 at 2015-08-09 14:34:16 -0700


Started GET "/" for ::1 at 2015-08-09 14:37:22 -0700
Processing by UserController#index as HTML
  Rendered user/index.html.erb within layouts/application (0.4ms)
Completed 200 OK in 37ms (Views: 36.8ms | ActiveRecord: 0.0ms)


Started GET "/assets/user.self-e3b0c44298fc1c149afbf4c8996fb92427ae41e4649b934ca495991b7852b855.css?body=1" for ::1 at 2015-08-09 14:37:22 -0700


Started GET "/assets/jquery.self-d03a5518f45df77341bdbe6201ba3bfa547ebba8ed64f0ea56bfa5f96ea7c074.js?body=1" for ::1 at 2015-08-09 14:37:22 -0700


Started GET "/assets/application.self-14b7dc9cbad7b28107ced6f410b78c38df743b659eacc190cbbfc79062467ce7.css?body=1" for ::1 at 2015-08-09 14:37:22 -0700


Started GET "/assets/turbolinks.self-c37727e9bd6b2735da5c311aa83fead54ed0be6cc8bd9a65309e9c5abe2cbfff.js?body=1" for ::1 at 2015-08-09 14:37:22 -0700


Started GET "/assets/jquery_ujs.self-ca5248a2fad13d6bd58ea121318d642f195f0b2dd818b30615f785ff365e8d1f.js?body=1" for ::1 at 2015-08-09 14:37:23 -0700


Started GET "/assets/user.self-877aef30ae1b040ab8a3aba4e3e309a11d7f2612f44dde450b5c157aa5f95c05.js?body=1" for ::1 at 2015-08-09 14:37:23 -0700


Started GET "/assets/application.self-3b8dabdc891efe46b9a144b400ad69e37d7e5876bdc39dee783419a69d7ca819.js?body=1" for ::1 at 2015-08-09 14:37:23 -0700


Started GET "/" for ::1 at 2015-08-09 14:37:24 -0700
Processing by UserController#index as HTML
  Rendered user/index.html.erb within layouts/application (0.1ms)
Completed 200 OK in 23ms (Views: 22.6ms | ActiveRecord: 0.0ms)


Started GET "/assets/user.self-e3b0c44298fc1c149afbf4c8996fb92427ae41e4649b934ca495991b7852b855.css?body=1" for ::1 at 2015-08-09 14:37:25 -0700


Started GET "/assets/jquery.self-d03a5518f45df77341bdbe6201ba3bfa547ebba8ed64f0ea56bfa5f96ea7c074.js?body=1" for ::1 at 2015-08-09 14:37:25 -0700


Started GET "/assets/application.self-14b7dc9cbad7b28107ced6f410b78c38df743b659eacc190cbbfc79062467ce7.css?body=1" for ::1 at 2015-08-09 14:37:25 -0700


Started GET "/assets/turbolinks.self-c37727e9bd6b2735da5c311aa83fead54ed0be6cc8bd9a65309e9c5abe2cbfff.js?body=1" for ::1 at 2015-08-09 14:37:25 -0700


Started GET "/assets/jquery_ujs.self-ca5248a2fad13d6bd58ea121318d642f195f0b2dd818b30615f785ff365e8d1f.js?body=1" for ::1 at 2015-08-09 14:37:25 -0700


Started GET "/assets/user.self-877aef30ae1b040ab8a3aba4e3e309a11d7f2612f44dde450b5c157aa5f95c05.js?body=1" for ::1 at 2015-08-09 14:37:25 -0700


Started GET "/assets/application.self-3b8dabdc891efe46b9a144b400ad69e37d7e5876bdc39dee783419a69d7ca819.js?body=1" for ::1 at 2015-08-09 14:37:25 -0700


Started GET "/" for ::1 at 2015-08-09 14:37:55 -0700
Processing by UserController#index as HTML
  Rendered user/index.html.erb within layouts/application (0.0ms)
Completed 200 OK in 38ms (Views: 37.3ms | ActiveRecord: 0.0ms)


Started GET "/assets/user.self-e3b0c44298fc1c149afbf4c8996fb92427ae41e4649b934ca495991b7852b855.css?body=1" for ::1 at 2015-08-09 14:37:55 -0700


Started GET "/assets/application.self-9c4405efb6677a1d6980bd6b8f8f8bec6a2a27dce2a69ed4824bbdb976513c77.css?body=1" for ::1 at 2015-08-09 14:37:55 -0700


Started GET "/assets/jquery_ujs.self-ca5248a2fad13d6bd58ea121318d642f195f0b2dd818b30615f785ff365e8d1f.js?body=1" for ::1 at 2015-08-09 14:37:55 -0700


Started GET "/assets/user.self-877aef30ae1b040ab8a3aba4e3e309a11d7f2612f44dde450b5c157aa5f95c05.js?body=1" for ::1 at 2015-08-09 14:37:55 -0700


Started GET "/assets/jquery.self-d03a5518f45df77341bdbe6201ba3bfa547ebba8ed64f0ea56bfa5f96ea7c074.js?body=1" for ::1 at 2015-08-09 14:37:55 -0700


Started GET "/assets/application.self-3b8dabdc891efe46b9a144b400ad69e37d7e5876bdc39dee783419a69d7ca819.js?body=1" for ::1 at 2015-08-09 14:37:55 -0700


Started GET "/assets/turbolinks.self-c37727e9bd6b2735da5c311aa83fead54ed0be6cc8bd9a65309e9c5abe2cbfff.js?body=1" for ::1 at 2015-08-09 14:37:55 -0700


Started GET "/" for ::1 at 2015-08-09 14:38:02 -0700
Processing by UserController#index as HTML
  Rendered user/index.html.erb within layouts/application (0.0ms)
Completed 200 OK in 27ms (Views: 26.7ms | ActiveRecord: 0.0ms)


Started GET "/assets/user.self-e3b0c44298fc1c149afbf4c8996fb92427ae41e4649b934ca495991b7852b855.css?body=1" for ::1 at 2015-08-09 14:38:02 -0700


Started GET "/assets/user.self-877aef30ae1b040ab8a3aba4e3e309a11d7f2612f44dde450b5c157aa5f95c05.js?body=1" for ::1 at 2015-08-09 14:38:02 -0700


Started GET "/assets/application.self-9c4405efb6677a1d6980bd6b8f8f8bec6a2a27dce2a69ed4824bbdb976513c77.css?body=1" for ::1 at 2015-08-09 14:38:02 -0700


Started GET "/assets/jquery.self-d03a5518f45df77341bdbe6201ba3bfa547ebba8ed64f0ea56bfa5f96ea7c074.js?body=1" for ::1 at 2015-08-09 14:38:02 -0700


Started GET "/assets/jquery_ujs.self-ca5248a2fad13d6bd58ea121318d642f195f0b2dd818b30615f785ff365e8d1f.js?body=1" for ::1 at 2015-08-09 14:38:02 -0700


Started GET "/assets/turbolinks.self-c37727e9bd6b2735da5c311aa83fead54ed0be6cc8bd9a65309e9c5abe2cbfff.js?body=1" for ::1 at 2015-08-09 14:38:02 -0700


Started GET "/assets/application.self-3b8dabdc891efe46b9a144b400ad69e37d7e5876bdc39dee783419a69d7ca819.js?body=1" for ::1 at 2015-08-09 14:38:02 -0700


Started GET "/" for ::1 at 2015-08-09 14:38:36 -0700
Processing by UserController#index as HTML
  Rendered user/index.html.erb within layouts/application (0.0ms)
Completed 200 OK in 42ms (Views: 41.1ms | ActiveRecord: 0.0ms)


Started GET "/assets/user.self-e3b0c44298fc1c149afbf4c8996fb92427ae41e4649b934ca495991b7852b855.css?body=1" for ::1 at 2015-08-09 14:38:36 -0700


Started GET "/assets/application.self-0418d12230656bc98ed2d103e82c27f1c79e8c5ec837942282c2f3caf42c56fe.css?body=1" for ::1 at 2015-08-09 14:38:36 -0700


Started GET "/assets/jquery_ujs.self-ca5248a2fad13d6bd58ea121318d642f195f0b2dd818b30615f785ff365e8d1f.js?body=1" for ::1 at 2015-08-09 14:38:36 -0700


Started GET "/assets/turbolinks.self-c37727e9bd6b2735da5c311aa83fead54ed0be6cc8bd9a65309e9c5abe2cbfff.js?body=1" for ::1 at 2015-08-09 14:38:36 -0700


Started GET "/assets/user.self-877aef30ae1b040ab8a3aba4e3e309a11d7f2612f44dde450b5c157aa5f95c05.js?body=1" for ::1 at 2015-08-09 14:38:36 -0700


Started GET "/assets/jquery.self-d03a5518f45df77341bdbe6201ba3bfa547ebba8ed64f0ea56bfa5f96ea7c074.js?body=1" for ::1 at 2015-08-09 14:38:36 -0700


Started GET "/assets/application.self-3b8dabdc891efe46b9a144b400ad69e37d7e5876bdc39dee783419a69d7ca819.js?body=1" for ::1 at 2015-08-09 14:38:36 -0700


Started GET "/" for ::1 at 2015-08-09 14:38:47 -0700
Processing by UserController#index as HTML
  Rendered user/index.html.erb within layouts/application (0.0ms)
Completed 200 OK in 33ms (Views: 32.4ms | ActiveRecord: 0.0ms)


Started GET "/assets/user.self-e3b0c44298fc1c149afbf4c8996fb92427ae41e4649b934ca495991b7852b855.css?body=1" for ::1 at 2015-08-09 14:38:47 -0700


Started GET "/assets/jquery.self-d03a5518f45df77341bdbe6201ba3bfa547ebba8ed64f0ea56bfa5f96ea7c074.js?body=1" for ::1 at 2015-08-09 14:38:47 -0700


Started GET "/assets/application.self-139bd75b8fef4a355e4e9a61fe32c9770abb102a4c8e9cf3e1a3b0e81642ad89.css?body=1" for ::1 at 2015-08-09 14:38:47 -0700


Started GET "/assets/user.self-877aef30ae1b040ab8a3aba4e3e309a11d7f2612f44dde450b5c157aa5f95c05.js?body=1" for ::1 at 2015-08-09 14:38:47 -0700


Started GET "/assets/application.self-3b8dabdc891efe46b9a144b400ad69e37d7e5876bdc39dee783419a69d7ca819.js?body=1" for ::1 at 2015-08-09 14:38:47 -0700


Started GET "/assets/jquery_ujs.self-ca5248a2fad13d6bd58ea121318d642f195f0b2dd818b30615f785ff365e8d1f.js?body=1" for ::1 at 2015-08-09 14:38:47 -0700


Started GET "/assets/turbolinks.self-c37727e9bd6b2735da5c311aa83fead54ed0be6cc8bd9a65309e9c5abe2cbfff.js?body=1" for ::1 at 2015-08-09 14:38:47 -0700


Started GET "/" for ::1 at 2015-08-09 14:38:52 -0700
Processing by UserController#index as HTML
  Rendered user/index.html.erb within layouts/application (0.0ms)
Completed 200 OK in 44ms (Views: 42.9ms | ActiveRecord: 0.0ms)


Started GET "/assets/user.self-e3b0c44298fc1c149afbf4c8996fb92427ae41e4649b934ca495991b7852b855.css?body=1" for ::1 at 2015-08-09 14:38:52 -0700


Started GET "/assets/jquery.self-d03a5518f45df77341bdbe6201ba3bfa547ebba8ed64f0ea56bfa5f96ea7c074.js?body=1" for ::1 at 2015-08-09 14:38:52 -0700


Started GET "/assets/application.self-785605b9eb66e96bac9939da378a5dde655f74100977a4885f370e7c95a9ce4e.css?body=1" for ::1 at 2015-08-09 14:38:52 -0700


Started GET "/assets/turbolinks.self-c37727e9bd6b2735da5c311aa83fead54ed0be6cc8bd9a65309e9c5abe2cbfff.js?body=1" for ::1 at 2015-08-09 14:38:52 -0700


Started GET "/assets/jquery_ujs.self-ca5248a2fad13d6bd58ea121318d642f195f0b2dd818b30615f785ff365e8d1f.js?body=1" for ::1 at 2015-08-09 14:38:52 -0700


Started GET "/assets/user.self-877aef30ae1b040ab8a3aba4e3e309a11d7f2612f44dde450b5c157aa5f95c05.js?body=1" for ::1 at 2015-08-09 14:38:52 -0700


Started GET "/assets/application.self-3b8dabdc891efe46b9a144b400ad69e37d7e5876bdc39dee783419a69d7ca819.js?body=1" for ::1 at 2015-08-09 14:38:52 -0700


Started GET "/" for ::1 at 2015-08-09 14:39:48 -0700
Processing by UserController#index as HTML
  Rendered user/index.html.erb within layouts/application (0.1ms)
Completed 200 OK in 38ms (Views: 37.3ms | ActiveRecord: 0.0ms)


Started GET "/assets/user.self-e3b0c44298fc1c149afbf4c8996fb92427ae41e4649b934ca495991b7852b855.css?body=1" for ::1 at 2015-08-09 14:39:48 -0700


Started GET "/assets/application.self-cabec2c22bf975854f0f4fe9f5f58ced568008817725aa4a68a4ba4bca904f62.css?body=1" for ::1 at 2015-08-09 14:39:48 -0700


Started GET "/assets/jquery.self-d03a5518f45df77341bdbe6201ba3bfa547ebba8ed64f0ea56bfa5f96ea7c074.js?body=1" for ::1 at 2015-08-09 14:39:48 -0700


Started GET "/assets/turbolinks.self-c37727e9bd6b2735da5c311aa83fead54ed0be6cc8bd9a65309e9c5abe2cbfff.js?body=1" for ::1 at 2015-08-09 14:39:48 -0700


Started GET "/assets/jquery_ujs.self-ca5248a2fad13d6bd58ea121318d642f195f0b2dd818b30615f785ff365e8d1f.js?body=1" for ::1 at 2015-08-09 14:39:48 -0700


Started GET "/assets/user.self-877aef30ae1b040ab8a3aba4e3e309a11d7f2612f44dde450b5c157aa5f95c05.js?body=1" for ::1 at 2015-08-09 14:39:48 -0700


Started GET "/assets/application.self-3b8dabdc891efe46b9a144b400ad69e37d7e5876bdc39dee783419a69d7ca819.js?body=1" for ::1 at 2015-08-09 14:39:48 -0700


Started GET "/" for ::1 at 2015-08-09 14:40:20 -0700
Processing by UserController#index as HTML
  Rendered user/index.html.erb within layouts/application (0.4ms)
Completed 200 OK in 27ms (Views: 26.1ms | ActiveRecord: 0.0ms)


Started GET "/assets/jquery_ujs.self-ca5248a2fad13d6bd58ea121318d642f195f0b2dd818b30615f785ff365e8d1f.js?body=1" for ::1 at 2015-08-09 14:40:21 -0700


Started GET "/assets/user.self-e3b0c44298fc1c149afbf4c8996fb92427ae41e4649b934ca495991b7852b855.css?body=1" for ::1 at 2015-08-09 14:40:21 -0700


Started GET "/assets/turbolinks.self-c37727e9bd6b2735da5c311aa83fead54ed0be6cc8bd9a65309e9c5abe2cbfff.js?body=1" for ::1 at 2015-08-09 14:40:21 -0700


Started GET "/assets/application.self-cabec2c22bf975854f0f4fe9f5f58ced568008817725aa4a68a4ba4bca904f62.css?body=1" for ::1 at 2015-08-09 14:40:21 -0700


Started GET "/assets/user.self-877aef30ae1b040ab8a3aba4e3e309a11d7f2612f44dde450b5c157aa5f95c05.js?body=1" for ::1 at 2015-08-09 14:40:21 -0700


Started GET "/assets/jquery.self-d03a5518f45df77341bdbe6201ba3bfa547ebba8ed64f0ea56bfa5f96ea7c074.js?body=1" for ::1 at 2015-08-09 14:40:21 -0700


Started GET "/assets/application.self-3b8dabdc891efe46b9a144b400ad69e37d7e5876bdc39dee783419a69d7ca819.js?body=1" for ::1 at 2015-08-09 14:40:21 -0700


Started GET "/" for ::1 at 2015-08-09 14:40:40 -0700
Processing by UserController#index as HTML
  Rendered user/index.html.erb within layouts/application (0.1ms)
Completed 200 OK in 37ms (Views: 36.3ms | ActiveRecord: 0.0ms)


Started GET "/assets/user.self-e3b0c44298fc1c149afbf4c8996fb92427ae41e4649b934ca495991b7852b855.css?body=1" for ::1 at 2015-08-09 14:40:41 -0700


Started GET "/assets/jquery.self-d03a5518f45df77341bdbe6201ba3bfa547ebba8ed64f0ea56bfa5f96ea7c074.js?body=1" for ::1 at 2015-08-09 14:40:41 -0700


Started GET "/assets/application.self-3704323b1732fca9ac53bf97f6bc88b6b25fc717f62d9575637d84aa23c39bba.css?body=1" for ::1 at 2015-08-09 14:40:41 -0700


Started GET "/assets/turbolinks.self-c37727e9bd6b2735da5c311aa83fead54ed0be6cc8bd9a65309e9c5abe2cbfff.js?body=1" for ::1 at 2015-08-09 14:40:41 -0700


Started GET "/assets/application.self-3b8dabdc891efe46b9a144b400ad69e37d7e5876bdc39dee783419a69d7ca819.js?body=1" for ::1 at 2015-08-09 14:40:41 -0700


Started GET "/assets/jquery_ujs.self-ca5248a2fad13d6bd58ea121318d642f195f0b2dd818b30615f785ff365e8d1f.js?body=1" for ::1 at 2015-08-09 14:40:41 -0700


Started GET "/assets/user.self-877aef30ae1b040ab8a3aba4e3e309a11d7f2612f44dde450b5c157aa5f95c05.js?body=1" for ::1 at 2015-08-09 14:40:41 -0700


Started GET "/" for ::1 at 2015-08-09 14:42:23 -0700
Processing by UserController#index as HTML
  Rendered user/index.html.erb within layouts/application (0.5ms)
Completed 200 OK in 29ms (Views: 28.8ms | ActiveRecord: 0.0ms)


Started GET "/assets/application.self-3704323b1732fca9ac53bf97f6bc88b6b25fc717f62d9575637d84aa23c39bba.css?body=1" for ::1 at 2015-08-09 14:42:23 -0700


Started GET "/assets/user.self-877aef30ae1b040ab8a3aba4e3e309a11d7f2612f44dde450b5c157aa5f95c05.js?body=1" for ::1 at 2015-08-09 14:42:23 -0700


Started GET "/assets/jquery_ujs.self-ca5248a2fad13d6bd58ea121318d642f195f0b2dd818b30615f785ff365e8d1f.js?body=1" for ::1 at 2015-08-09 14:42:23 -0700


Started GET "/assets/turbolinks.self-c37727e9bd6b2735da5c311aa83fead54ed0be6cc8bd9a65309e9c5abe2cbfff.js?body=1" for ::1 at 2015-08-09 14:42:23 -0700


Started GET "/assets/user.self-e3b0c44298fc1c149afbf4c8996fb92427ae41e4649b934ca495991b7852b855.css?body=1" for ::1 at 2015-08-09 14:42:23 -0700


Started GET "/assets/jquery.self-d03a5518f45df77341bdbe6201ba3bfa547ebba8ed64f0ea56bfa5f96ea7c074.js?body=1" for ::1 at 2015-08-09 14:42:23 -0700


Started GET "/assets/application.self-3b8dabdc891efe46b9a144b400ad69e37d7e5876bdc39dee783419a69d7ca819.js?body=1" for ::1 at 2015-08-09 14:42:23 -0700
